1648577118858	geckodriver	INFO	Listening on 127.0.0.1:5140
1648577121887	mozrunner::runner	INFO	Running command: "C:\\Program Files\\Mozilla Firefox\\firefox.exe" "--marionette" "-headless" "-no-remote" "-profile" "C:\\Users\\KLICKE~1\\AppData\\Local\\Temp\\rust_mozprofileBNbILJ"
*** You are running in headless mode.
1648577122247	Marionette	INFO	Marionette enabled
[GFX1-]: RenderCompositorSWGL failed mapping default framebuffer, no dt
console.warn: SearchSettings: "get: No settings file exists, new profile?" (new NotFoundError("Could not open the file at C:\\Users\\Klicken sie hier\\AppData\\Local\\Temp\\rust_mozprofileBNbILJ\\search.json.mozlz4", (void 0)))
1648577123590	Marionette	INFO	Listening on port 5150
1648577124003	RemoteAgent	WARN	TLS certificate errors will be ignored for this session
JavaScript warning: https://community.akamai.steamstatic.com/public/javascript/applications/community/libraries.js?v=dvCea83k7mlZ&l=german, line 96: unreachable code after return statement
JavaScript warning: https://community.akamai.steamstatic.com/public/javascript/applications/community/libraries.js?v=dvCea83k7mlZ&l=german, line 180: unreachable code after return statement
JavaScript warning: https://community.akamai.steamstatic.com/public/javascript/applications/community/libraries.js?v=dvCea83k7mlZ&l=german, line 264: unreachable code after return statement
1648577145634	Marionette	INFO	Stopped listening on port 5150

###!!! [Parent][PContentParent] Error: Send(msgname=PContent::Msg_DestroyBrowsingContextGroup) Closed channel: cannot send/recv


###!!! [Parent][PImageBridgeParent] Error: RunMessage(msgname=PImageBridge::Msg_WillClose) Channel closing: too late to send/recv, messages will be lost

1648577232996	geckodriver	INFO	Listening on 127.0.0.1:5345
1648577236009	mozrunner::runner	INFO	Running command: "C:\\Program Files\\Mozilla Firefox\\firefox.exe" "--marionette" "-headless" "-no-remote" "-profile" "C:\\Users\\KLICKE~1\\AppData\\Local\\Temp\\rust_mozprofileBdepdn"
*** You are running in headless mode.
1648577237105	Marionette	INFO	Marionette enabled
[GFX1-]: RenderCompositorSWGL failed mapping default framebuffer, no dt
console.warn: SearchSettings: "get: No settings file exists, new profile?" (new NotFoundError("Could not open the file at C:\\Users\\Klicken sie hier\\AppData\\Local\\Temp\\rust_mozprofileBdepdn\\search.json.mozlz4", (void 0)))
1648577238462	Marionette	INFO	Listening on port 5356
1648577238742	RemoteAgent	WARN	TLS certificate errors will be ignored for this session
JavaScript warning: https://community.akamai.steamstatic.com/public/javascript/applications/community/libraries.js?v=dvCea83k7mlZ&l=german, line 96: unreachable code after return statement
JavaScript warning: https://community.akamai.steamstatic.com/public/javascript/applications/community/libraries.js?v=dvCea83k7mlZ&l=german, line 180: unreachable code after return statement
JavaScript warning: https://community.akamai.steamstatic.com/public/javascript/applications/community/libraries.js?v=dvCea83k7mlZ&l=german, line 264: unreachable code after return statement
1648577256968	Marionette	INFO	Stopped listening on port 5356

###!!! [Child][PContentChild] Error: Send(msgname=PBrowser::Msg___delete__) Channel closing: too late to send/recv, messages will be lost


###!!! [Parent][PContentParent] Error: Send(msgname=PContent::Msg_DestroyBrowsingContextGroup) Closed channel: cannot send/recv


###!!! [Parent][PImageBridgeParent] Error: RunMessage(msgname=PImageBridge::Msg_WillClose) Channel closing: too late to send/recv, messages will be lost

